"2018-02-27 08:47:10",INFO,--,"Deleting Gallery Data :::delete from tbl_gallery where photoid='68'",178,/home/dkkkpmba/public_html/dkkkpitikalamb.com/ControlPanel/galleryactions.php
"2018-02-27 08:47:10",INFO,--,"Gallery Data Deleted",180,/home/dkkkpmba/public_html/dkkkpitikalamb.com/ControlPanel/galleryactions.php
"2018-02-27 08:47:18",INFO,--,"Deleting Gallery Data :::delete from tbl_gallery where photoid='64'",178,/home/dkkkpmba/public_html/dkkkpitikalamb.com/ControlPanel/galleryactions.php
"2018-02-27 08:47:18",INFO,--,"Gallery Data Deleted",180,/home/dkkkpmba/public_html/dkkkpitikalamb.com/ControlPanel/galleryactions.php
"2018-02-27 08:48:03",INFO,--,"Inserting new Gallery Data :::INSERT INTO tbl_gallery(name,title) values('DSC_8182.jpg','Unmesh 2017 Winner Team')",75,/home/dkkkpmba/public_html/dkkkpitikalamb.com/ControlPanel/galleryactions.php
"2018-02-27 08:48:03",INFO,--,"Gallery Data inserted",79,/home/dkkkpmba/public_html/dkkkpitikalamb.com/ControlPanel/galleryactions.php
"2018-02-27 08:48:28",INFO,--,"Inserting new Gallery Data :::INSERT INTO tbl_gallery(name,title) values('DSC_8216.jpg','Unmesh 2017 Winner Team')",75,/home/dkkkpmba/public_html/dkkkpitikalamb.com/ControlPanel/galleryactions.php
"2018-02-27 08:48:28",INFO,--,"Gallery Data inserted",79,/home/dkkkpmba/public_html/dkkkpitikalamb.com/ControlPanel/galleryactions.php
"2018-02-27 08:48:58",INFO,--,"Inserting new Gallery Data :::INSERT INTO tbl_gallery(name,title) values('DSC_8285.jpg','Sanskuti Bhushan 2018')",75,/home/dkkkpmba/public_html/dkkkpitikalamb.com/ControlPanel/galleryactions.php
"2018-02-27 08:48:59",INFO,--,"Gallery Data inserted",79,/home/dkkkpmba/public_html/dkkkpitikalamb.com/ControlPanel/galleryactions.php
"2018-02-27 09:12:13",INFO,--,"Inserting new Gallery Data :::INSERT INTO tbl_gallery(name,title) values('DSC_8262.jpg','Sanskuti Bhushan 2018')",75,/home/dkkkpmba/public_html/dkkkpitikalamb.com/ControlPanel/galleryactions.php
"2018-02-27 09:12:13",INFO,--,"Gallery Data inserted",79,/home/dkkkpmba/public_html/dkkkpitikalamb.com/ControlPanel/galleryactions.php
"2018-02-27 09:12:37",INFO,--,"Inserting new Gallery Data :::INSERT INTO tbl_gallery(name,title) values('DSC_8235.jpg','Sanskuti Bhushan 2018')",75,/home/dkkkpmba/public_html/dkkkpitikalamb.com/ControlPanel/galleryactions.php
"2018-02-27 09:12:37",INFO,--,"Gallery Data inserted",79,/home/dkkkpmba/public_html/dkkkpitikalamb.com/ControlPanel/galleryactions.php
"2018-04-13 09:06:08",INFO,--,"Updating Faculty Data :::UPDATE tbl_faculty SET type='Teaching',name='Mr.Tambe Anil Bapurao',designation='Principal',qualification='DME/ITI .N.C.T.V.T',experience='6' where id='34'",297,/home/dkkkpmba/public_html/dkkkpitikalamb.com/ControlPanel/facultyactions.php
"2020-06-14 20:20:19",INFO,--,"Deleting Faculty Data :::delete from tbl_faculty where id='45'",197,/home/dkkkpmba/public_html/dkkkpitikalamb.com/ControlPanel/facultyactions.php
"2020-06-14 20:20:19",INFO,--,"Faculty Data Deleted",199,/home/dkkkpmba/public_html/dkkkpitikalamb.com/ControlPanel/facultyactions.php
"2020-07-24 06:23:49",INFO,--,"Updating Faculty Data :::UPDATE tbl_faculty SET type='Teaching',name='Mr. Chavan Ganesh Jaykumar ',designation='Fitter Instructor',qualification='DME',experience='6',photo='Mr. Chavan Ganesh Jaykumar .JPG' where id='52'",338,/home/dkkkpmba/public_html/dkkkpitikalamb.com/ControlPanel/facultyactions.php
"2020-07-24 06:24:01",INFO,--,"Updating Faculty Data :::UPDATE tbl_faculty SET type='Teaching',name='Mr. Chavan Ganesh Jaykumar ',designation='Fitter Instructor',qualification='DME',experience='6',photo='Mr. Chavan Ganesh Jaykumar .JPG' where id='52'",338,/home/dkkkpmba/public_html/dkkkpitikalamb.com/ControlPanel/facultyactions.php
"2020-07-24 06:25:00",INFO,--,"Deleting Faculty Data :::delete from tbl_faculty where id='58'",197,/home/dkkkpmba/public_html/dkkkpitikalamb.com/ControlPanel/facultyactions.php
"2020-07-24 06:25:00",INFO,--,"Faculty Data Deleted",199,/home/dkkkpmba/public_html/dkkkpitikalamb.com/ControlPanel/facultyactions.php
"2020-07-24 06:25:04",INFO,--,"Deleting Faculty Data :::delete from tbl_faculty where id='58'",197,/home/dkkkpmba/public_html/dkkkpitikalamb.com/ControlPanel/facultyactions.php
"2020-07-24 06:25:04",INFO,--,"Faculty Data Deleted",199,/home/dkkkpmba/public_html/dkkkpitikalamb.com/ControlPanel/facultyactions.php
"2020-07-24 06:25:32",INFO,--,"Deleting Faculty Data :::delete from tbl_faculty where id='60'",197,/home/dkkkpmba/public_html/dkkkpitikalamb.com/ControlPanel/facultyactions.php
"2020-07-24 06:25:32",INFO,--,"Faculty Data Deleted",199,/home/dkkkpmba/public_html/dkkkpitikalamb.com/ControlPanel/facultyactions.php
"2020-07-24 06:25:59",INFO,--,"Updating Faculty Data :::UPDATE tbl_faculty SET type='Non-Teaching',name='Mr. Jangame Arun Rambhau',designation='Peon',qualification='8TH',experience='1' where id='63'",297,/home/dkkkpmba/public_html/dkkkpitikalamb.com/ControlPanel/facultyactions.php
"2020-07-24 06:26:26",INFO,--,"Deleting Faculty Data :::delete from tbl_faculty where id='63'",197,/home/dkkkpmba/public_html/dkkkpitikalamb.com/ControlPanel/facultyactions.php
"2020-07-24 06:26:26",INFO,--,"Faculty Data Deleted",199,/home/dkkkpmba/public_html/dkkkpitikalamb.com/ControlPanel/facultyactions.php
"2020-07-24 06:26:35",INFO,--,"Deleting Faculty Data :::delete from tbl_faculty where id='66'",197,/home/dkkkpmba/public_html/dkkkpitikalamb.com/ControlPanel/facultyactions.php
"2020-07-24 06:26:35",INFO,--,"Faculty Data Deleted",199,/home/dkkkpmba/public_html/dkkkpitikalamb.com/ControlPanel/facultyactions.php
"2020-07-24 06:28:19",INFO,--,"Updating Faculty Data :::UPDATE tbl_faculty SET type='Teaching',name='Miss. Ranaware Swati Harishchandra',designation='W/Sc. Cal & Science Instructor',qualification='B.Sc.',experience='2',photo='Miss. Ranaware Swati Harishchandra.JPG' where id='67'",338,/home/dkkkpmba/public_html/dkkkpitikalamb.com/ControlPanel/facultyactions.php
"2020-07-24 06:30:30",INFO,--,"Updating Faculty Data :::UPDATE tbl_faculty SET type='Teaching',name='Miss. Ranaware Swati Harishchandra',designation='W/Sc. Cal & Science Instructor',qualification='B.Sc.',experience='2',photo='Miss. Ranaware Swati Harishchandra.JPG' where id='67'",338,/home/dkkkpmba/public_html/dkkkpitikalamb.com/ControlPanel/facultyactions.php
"2020-07-24 06:30:37",INFO,--,"Updating Faculty Data :::UPDATE tbl_faculty SET type='Teaching',name='Miss. Ranaware Swati Harishchandra',designation='W/Sc. Cal & Science Instructor',qualification='B.Sc.',experience='2',photo='Miss. Ranaware Swati Harishchandra.JPG' where id='67'",338,/home/dkkkpmba/public_html/dkkkpitikalamb.com/ControlPanel/facultyactions.php
"2020-07-24 06:31:13",INFO,--,"Updating Faculty Data :::UPDATE tbl_faculty SET type='Non-Teaching',name='Mr. Keskar Nitin Dadasaheb',designation='Office Administrator',qualification='M.COM., B.ed., G.D.C.&A.',experience='9' where id='59'",297,/home/dkkkpmba/public_html/dkkkpitikalamb.com/ControlPanel/facultyactions.php
"2020-07-24 06:31:30",INFO,--,"Updating Faculty Data :::UPDATE tbl_faculty SET type='Teaching',name='Mr.Tambe Anil Bapurao',designation='Principal',qualification='DME/ITI .N.C.T.V.T',experience='8' where id='34'",297,/home/dkkkpmba/public_html/dkkkpitikalamb.com/ControlPanel/facultyactions.php
"2020-07-24 06:31:41",INFO,--,"Updating Faculty Data :::UPDATE tbl_faculty SET type='Teaching',name='Mr. Bhosale Ganesh Nandkumar',designation='Mech. Diesel Instructor',qualification='H.S.C, I.T.I. N.C.T.V.T',experience='10' where id='42'",297,/home/dkkkpmba/public_html/dkkkpitikalamb.com/ControlPanel/facultyactions.php
"2020-07-24 06:31:52",INFO,--,"Updating Faculty Data :::UPDATE tbl_faculty SET type='Teaching',name='Mr. Kolekar Hanumant Kisan',designation='Fitter Instructor',qualification='S.S.C., M.M.W.',experience='14' where id='43'",297,/home/dkkkpmba/public_html/dkkkpitikalamb.com/ControlPanel/facultyactions.php
"2020-07-24 06:32:16",INFO,--,"Updating Faculty Data :::UPDATE tbl_faculty SET type='Teaching',name='Mr. Devshete Vijay Shivling',designation='Fitter Instructor',qualification='S.S.C., I.T.I., N.C.T.V.T.',experience='7' where id='44'",297,/home/dkkkpmba/public_html/dkkkpitikalamb.com/ControlPanel/facultyactions.php
"2020-07-24 06:32:29",INFO,--,"Updating Faculty Data :::UPDATE tbl_faculty SET type='Teaching',name='Mr. Pawar Shahaji Maruti',designation='Fitter Instructor',qualification='S.S.C., I.T.I., N.C.T.V.T.',experience='5' where id='46'",297,/home/dkkkpmba/public_html/dkkkpitikalamb.com/ControlPanel/facultyactions.php
"2020-07-24 06:32:38",INFO,--,"Updating Faculty Data :::UPDATE tbl_faculty SET type='Teaching',name='Mr. Sapkal Amarsinh Vamanrao',designation='Welder Instructor',qualification='S.S.C., I.T.I., N.C.T.V.T.',experience='9' where id='47'",297,/home/dkkkpmba/public_html/dkkkpitikalamb.com/ControlPanel/facultyactions.php
"2020-07-24 06:33:22",INFO,--,"Updating Faculty Data :::UPDATE tbl_faculty SET type='Teaching',name='Mr. Pawar Dhanaji Sopana',designation='Draughtsman Mech. Instructor',qualification='S.S.C., I.T.I.',experience='11' where id='50'",297,/home/dkkkpmba/public_html/dkkkpitikalamb.com/ControlPanel/facultyactions.php
"2020-07-24 06:33:47",INFO,--,"Updating Faculty Data :::UPDATE tbl_faculty SET type='Teaching',name='Mr. Jadhav Sagar Ashok',designation='Electrician Instructor',qualification='S.S.C., I.T.I., N.C.T.V.T.',experience='6' where id='53'",297,/home/dkkkpmba/public_html/dkkkpitikalamb.com/ControlPanel/facultyactions.php
"2020-07-24 06:34:02",INFO,--,"Updating Faculty Data :::UPDATE tbl_faculty SET type='Teaching',name='Mr. Kashid Vishal Prakash ',designation='Electrician Instructor',qualification='B.E. (ELECTRICAL)',experience='4' where id='55'",297,/home/dkkkpmba/public_html/dkkkpitikalamb.com/ControlPanel/facultyactions.php
"2020-07-24 06:34:18",INFO,--,"Updating Faculty Data :::UPDATE tbl_faculty SET type='Teaching',name='Mr. Adsul Amit Uttam',designation='Painter General Instructor',qualification='H.S.C., I.T.I., N.C.T.V.T.',experience='7' where id='56'",297,/home/dkkkpmba/public_html/dkkkpitikalamb.com/ControlPanel/facultyactions.php
"2020-07-24 06:34:31",INFO,--,"Updating Faculty Data :::UPDATE tbl_faculty SET type='Non-Teaching',name='Mr. Kadam Abaso Ganpat',designation='Electrician',qualification='S.S.C.',experience='9' where id='61'",297,/home/dkkkpmba/public_html/dkkkpitikalamb.com/ControlPanel/facultyactions.php
"2020-07-24 06:35:04",INFO,--,"Updating Faculty Data :::UPDATE tbl_faculty SET type='Non-Teaching',name='Mr. Keskar Nitin Dadasaheb',designation='Office Administrator',qualification='M.COM., B.ED., G.D.C.&A.',experience='9' where id='59'",297,/home/dkkkpmba/public_html/dkkkpitikalamb.com/ControlPanel/facultyactions.php
"2020-07-24 06:43:09",INFO,--,"Inserting News Data :::INSERT INTO tbl_news(newsdate,subject,description,attachment,image) values('2020-07-24','Admission','सत्र २०२०-२१ साठी प्रवेश सुरु झाले आहेत. तरी इच्छुक विद्यार्थ्यांनी खालील नंबरवर संपर्क साधावा. मो. 9890104820 / 9766555976','','95806782_2649951715287480_8456751465787031552_o.jpg')",96,/home/dkkkpmba/public_html/dkkkpitikalamb.com/ControlPanel/newsactions.php
"2020-07-24 06:43:09",INFO,--,"News Data inserted",100,/home/dkkkpmba/public_html/dkkkpitikalamb.com/ControlPanel/newsactions.php
"2020-08-21 09:21:37",INFO,--,"Updating Faculty Data :::UPDATE tbl_faculty SET type='Non-Teaching',name='Mrs. Wagh Swati Suhas',designation='Clerk',qualification='B.A.',experience='1',photo='Mrs. Wagh Swati Suhas.jpeg' where id='61'",338,/home/dkkkpmba/public_html/dkkkpitikalamb.com/ControlPanel/facultyactions.php
